[0mCompiling "resources/public/js/compiled/app.js" from ["src/cljs"]...[0m
[32mSuccessfully compiled "resources/public/js/compiled/app.js" in 0.803 seconds.[0m
notifying browser that file changed:  resources/public/js/compiled/out/goog/deps.js
notifying browser that file changed:  resources/public/js/compiled/out/cljs_deps.js
notifying browser that file changed:  out/hera/views.js
[0mCompiling "resources/public/js/compiled/app.js" from ["src/cljs"]...[0m
[36m----  Compiler Warning on   src/cljs/hera/views.cljs   line:6  column:16  ----[0m

  [1mUse of undeclared Var re-frame.core/subsribe[0m

  [36m2[0m  [36m  (:require [re-frame.core :as re-frame]))[0m
  [36m3[0m  [36m[0m
  [36m4[0m  [36m(defn main-panel [][0m
  [36m5[0m  [36m  (let [name (re-frame/subscribe [:name])[0m
  [33m6[0m  [1m        bills (re-frame/subsribe [:bills])][0m
  [0m [0m  [33m               ^--- Use of undeclared Var re-frame.core/subsribe[0m
  [36m7[0m  [36m    (fn [][0m
  [36m8[0m  [36m      [:div "Hello, " @name " you have " (count @bills)])))[0m

[36m----  Compiler Warning : Please see src/cljs/hera/views.cljs  ----[0m
[32mSuccessfully compiled "resources/public/js/compiled/app.js" in 0.97 seconds.[0m
notifying browser that file changed:  resources/public/js/compiled/out/cljs_deps.js
notifying browser that file changed:  out/hera/views.js
[0mCompiling "resources/public/js/compiled/app.js" from ["src/cljs"]...[0m
[36m----  Compiler Warning on   src/cljs/hera/views.cljs   line:6  column:16  ----[0m

  [1mUse of undeclared Var re-frame.core/subsribe[0m

  [36m2[0m  [36m  (:require [re-frame.core :as re-frame]))[0m
  [36m3[0m  [36m[0m
  [36m4[0m  [36m(defn main-panel [][0m
  [36m5[0m  [36m  (let [name (re-frame/subscribe [:name])[0m
  [33m6[0m  [1m        bills (re-frame/subsribe [:bills])][0m
  [0m [0m  [33m               ^--- Use of undeclared Var re-frame.core/subsribe[0m
  [36m7[0m  [36m    (fn [][0m
  [36m8[0m  [36m      [:div "Hello, " @name " you have " (count @bills) "."])))[0m

[36m----  Compiler Warning : Please see src/cljs/hera/views.cljs  ----[0m
[32mSuccessfully compiled "resources/public/js/compiled/app.js" in 1.29 seconds.[0m
notifying browser that file changed:  resources/public/js/compiled/out/cljs_deps.js
notifying browser that file changed:  out/hera/views.js
[0mCompiling "resources/public/js/compiled/app.js" from ["src/cljs"]...[0m
[32mSuccessfully compiled "resources/public/js/compiled/app.js" in 0.931 seconds.[0m
notifying browser that file changed:  resources/public/js/compiled/out/cljs_deps.js
notifying browser that file changed:  out/hera/views.js
[0mCompiling "resources/public/js/compiled/app.js" from ["src/cljs"]...[0m
[32mSuccessfully compiled "resources/public/js/compiled/app.js" in 1.22 seconds.[0m
notifying browser that file changed:  resources/public/js/compiled/out/cljs_deps.js
notifying browser that file changed:  out/hera/db.js
[0mCompiling "resources/public/js/compiled/app.js" from ["src/cljs"]...[0m
[36m----  Compiler Warning on   src/cljs/hera/subs.cljs   line:10  column:2  ----[0m

  [1mNo such namespace: re-fram, could not locate re_fram.cljs, re_fram.cljc, or Closure namespace ""[0m

  [36m 6[0m  [36m :name[0m
  [36m 7[0m  [36m (fn [db][0m
  [36m 8[0m  [36m   (:name db)))[0m
  [36m 9[0m  [36m[0m
  [33m10[0m  [1m(re-fram/reg-sub[0m
  [0m  [0m  [33m ^--- No such namespace: re-fram, could not locate re_fram.cljs, re_fram.cljc, or Closure namespace ""[0m
  [36m11[0m  [36m :bills[0m
  [36m12[0m  [36m (fn [db][0m
  [36m13[0m  [36m   (:bills db)))[0m

[36m----  Compiler Warning : Please see src/cljs/hera/subs.cljs  ----[0m
[36m----  Compiler Warning on   src/cljs/hera/subs.cljs   line:10  column:2  ----[0m

  [1mUse of undeclared Var re-fram/reg-sub[0m

  [36m 6[0m  [36m :name[0m
  [36m 7[0m  [36m (fn [db][0m
  [36m 8[0m  [36m   (:name db)))[0m
  [36m 9[0m  [36m[0m
  [33m10[0m  [1m(re-fram/reg-sub[0m
  [0m  [0m  [33m ^--- Use of undeclared Var re-fram/reg-sub[0m
  [36m11[0m  [36m :bills[0m
  [36m12[0m  [36m (fn [db][0m
  [36m13[0m  [36m   (:bills db)))[0m

[36m----  Compiler Warning : Please see src/cljs/hera/subs.cljs  ----[0m
[32mSuccessfully compiled "resources/public/js/compiled/app.js" in 1.503 seconds.[0m
notifying browser that file changed:  resources/public/js/compiled/out/cljs_deps.js
notifying browser that file changed:  out/hera/subs.js
[0mCompiling "resources/public/js/compiled/app.js" from ["src/cljs"]...[0m
[32mSuccessfully compiled "resources/public/js/compiled/app.js" in 0.733 seconds.[0m
notifying browser that file changed:  resources/public/js/compiled/out/cljs_deps.js
notifying browser that file changed:  out/hera/subs.js
[0mCompiling "resources/public/js/compiled/app.js" from ["src/cljs"]...[0m
[32mSuccessfully compiled "resources/public/js/compiled/app.js" in 0.522 seconds.[0m
notifying browser that file changed:  resources/public/js/compiled/out/cljs_deps.js
notifying browser that file changed:  out/hera/views.js
[0mCompiling "resources/public/js/compiled/app.js" from ["src/cljs"]...[0m
[32mSuccessfully compiled "resources/public/js/compiled/app.js" in 0.575 seconds.[0m
notifying browser that file changed:  resources/public/js/compiled/out/cljs_deps.js
notifying browser that file changed:  out/hera/db.js
[0mCompiling "resources/public/js/compiled/app.js" from ["src/cljs"]...[0m
[32mSuccessfully compiled "resources/public/js/compiled/app.js" in 1.286 seconds.[0m
notifying browser that file changed:  resources/public/js/compiled/out/cljs_deps.js
notifying browser that file changed:  out/hera/views.js
[0mCompiling "resources/public/js/compiled/app.js" from ["src/cljs"]...[0m
[32mSuccessfully compiled "resources/public/js/compiled/app.js" in 1.3 seconds.[0m
notifying browser that file changed:  resources/public/js/compiled/out/cljs_deps.js
notifying browser that file changed:  out/hera/views.js
[0mCompiling "resources/public/js/compiled/app.js" from ["src/cljs"]...[0m
[32mSuccessfully compiled "resources/public/js/compiled/app.js" in 0.56 seconds.[0m
notifying browser that file changed:  resources/public/js/compiled/out/goog/deps.js
notifying browser that file changed:  resources/public/js/compiled/out/cljs_deps.js
notifying browser that file changed:  out/hera/views.js
[0mCompiling "resources/public/js/compiled/app.js" from ["src/cljs"]...[0m
[32mSuccessfully compiled "resources/public/js/compiled/app.js" in 0.686 seconds.[0m
notifying browser that file changed:  resources/public/js/compiled/out/cljs_deps.js
notifying browser that file changed:  out/hera/views.js
[0mCompiling "resources/public/js/compiled/app.js" from ["src/cljs"]...[0m
[32mSuccessfully compiled "resources/public/js/compiled/app.js" in 1.099 seconds.[0m
notifying browser that file changed:  resources/public/js/compiled/out/cljs_deps.js
notifying browser that file changed:  out/hera/views.js
[0mCompiling "resources/public/js/compiled/app.js" from ["src/cljs"]...[0m
[32mSuccessfully compiled "resources/public/js/compiled/app.js" in 1.19 seconds.[0m
notifying browser that file changed:  resources/public/js/compiled/out/cljs_deps.js
notifying browser that file changed:  out/hera/views.js
[0mCompiling "resources/public/js/compiled/app.js" from ["src/cljs"]...[0m
[32mSuccessfully compiled "resources/public/js/compiled/app.js" in 1.179 seconds.[0m
notifying browser that file changed:  resources/public/js/compiled/out/cljs_deps.js
notifying browser that file changed:  out/hera/views.js
[0mCompiling "resources/public/js/compiled/app.js" from ["src/cljs"]...[0m
[32mSuccessfully compiled "resources/public/js/compiled/app.js" in 1.491 seconds.[0m
notifying browser that file changed:  resources/public/js/compiled/out/cljs_deps.js
notifying browser that file changed:  out/hera/views.js
[0mCompiling "resources/public/js/compiled/app.js" from ["src/cljs"]...[0m
[32mSuccessfully compiled "resources/public/js/compiled/app.js" in 1.223 seconds.[0m
notifying browser that file changed:  resources/public/js/compiled/out/cljs_deps.js
notifying browser that file changed:  out/hera/views.js
[0mCompiling "resources/public/js/compiled/app.js" from ["src/cljs"]...[0m
[36m----  Compiler Warning on   src/cljs/hera/views.cljs   line:12  column:15  ----[0m

  [1mUse of undeclared Var hera.views/text-field[0m

  [36m 8[0m  [36m[:div[0m
  [36m 9[0m  [36m [:div "Hello, " @name " you have " (count @bills) " bills in the system."][0m
  [36m10[0m  [36m [:a {:href "localhost:3449/lol"} "Add bills"][0m
  [36m11[0m  [36m [:div "Change User:"][0m
  [33m12[0m  [1m [:div (text-field "lol")]])))[0m
  [0m  [0m  [33m        ^--- Use of undeclared Var hera.views/text-field[0m

[36m----  Compiler Warning : Please see src/cljs/hera/views.cljs  ----[0m
[32mSuccessfully compiled "resources/public/js/compiled/app.js" in 1.252 seconds.[0m
notifying browser that file changed:  resources/public/js/compiled/out/cljs_deps.js
notifying browser that file changed:  out/hera/views.js
[0mCompiling "resources/public/js/compiled/app.js" from ["src/cljs"]...[0m
[31mFailed to compile "resources/public/js/compiled/app.js" in 0.852 seconds.[0m
[36m----  Could not Analyze  src/cljs/hera/views.cljs  ----[0m

  [1mNo such namespace: hiccup.form, could not locate hiccup/form.cljs, hiccup/form.cljc, or Closure namespace "hiccup.form" [0m

[36m----  Analysis Error : Please see src/cljs/hera/views.cljs  ----[0m
[0mCompiling "resources/public/js/compiled/app.js" from ["src/cljs"]...[0m
[31mFailed to compile "resources/public/js/compiled/app.js" in 0.82 seconds.[0m
[36m----  Could not Analyze  src/cljs/hera/views.cljs  ----[0m

  [1mNo such namespace: hiccup.form, could not locate hiccup/form.cljs, hiccup/form.cljc, or Closure namespace "hiccup.form" [0m

[36m----  Analysis Error : Please see src/cljs/hera/views.cljs  ----[0m
[0mCompiling "resources/public/js/compiled/app.js" from ["src/cljs"]...[0m
[32mSuccessfully compiled "resources/public/js/compiled/app.js" in 1.142 seconds.[0m
notifying browser that file changed:  resources/public/js/compiled/out/cljs_deps.js
notifying browser that file changed:  out/hera/views.js
[0mCompiling "resources/public/js/compiled/app.js" from ["src/cljs"]...[0m
[32mSuccessfully compiled "resources/public/js/compiled/app.js" in 1.109 seconds.[0m
notifying browser that file changed:  resources/public/js/compiled/out/cljs_deps.js
notifying browser that file changed:  out/hera/views.js
[0mCompiling "resources/public/js/compiled/app.js" from ["src/cljs"]...[0m
[32mSuccessfully compiled "resources/public/js/compiled/app.js" in 1.15 seconds.[0m
notifying browser that file changed:  resources/public/js/compiled/out/cljs_deps.js
notifying browser that file changed:  out/hera/views.js
[0mCompiling "resources/public/js/compiled/app.js" from ["src/cljs"]...[0m
[32mSuccessfully compiled "resources/public/js/compiled/app.js" in 1.292 seconds.[0m
notifying browser that file changed:  resources/public/js/compiled/out/cljs_deps.js
notifying browser that file changed:  out/hera/views.js
[0mCompiling "resources/public/js/compiled/app.js" from ["src/cljs"]...[0m
[32mSuccessfully compiled "resources/public/js/compiled/app.js" in 1.144 seconds.[0m
notifying browser that file changed:  resources/public/js/compiled/out/cljs_deps.js
notifying browser that file changed:  out/hera/views.js
[0mCompiling "resources/public/js/compiled/app.js" from ["src/cljs"]...[0m
[32mSuccessfully compiled "resources/public/js/compiled/app.js" in 0.663 seconds.[0m
notifying browser that file changed:  resources/public/js/compiled/out/cljs_deps.js
notifying browser that file changed:  out/hera/views.js
[0mCompiling "resources/public/js/compiled/app.js" from ["src/cljs"]...[0m
[32mSuccessfully compiled "resources/public/js/compiled/app.js" in 0.817 seconds.[0m
notifying browser that file changed:  resources/public/js/compiled/out/cljs_deps.js
notifying browser that file changed:  out/hera/views.js
[0mCompiling "resources/public/js/compiled/app.js" from ["src/cljs"]...[0m
[32mSuccessfully compiled "resources/public/js/compiled/app.js" in 1.763 seconds.[0m
notifying browser that file changed:  resources/public/js/compiled/out/cljs_deps.js
notifying browser that file changed:  out/hera/views.js
[0mCompiling "resources/public/js/compiled/app.js" from ["src/cljs"]...[0m
[31mFailed to compile "resources/public/js/compiled/app.js" in 0.806 seconds.[0m
[36m----  Could not Analyze  src/cljs/hera/views.cljs  ----[0m

  [1mNo such namespace: hiccup.form, could not locate hiccup/form.cljs, hiccup/form.cljc, or Closure namespace "hiccup.form" [0m

[36m----  Analysis Error : Please see src/cljs/hera/views.cljs  ----[0m
[0mCompiling "resources/public/js/compiled/app.js" from ["src/cljs"]...[0m
[31mFailed to compile "resources/public/js/compiled/app.js" in 1.222 seconds.[0m
[36m----  Could not Analyze  src/cljs/hera/views.cljs  ----[0m

  [1mNo such namespace: hiccup.form, could not locate hiccup/form.cljs, hiccup/form.cljc, or Closure namespace "hiccup.form" [0m

[36m----  Analysis Error : Please see src/cljs/hera/views.cljs  ----[0m
[0mCompiling "resources/public/js/compiled/app.js" from ["src/cljs"]...[0m
[32mSuccessfully compiled "resources/public/js/compiled/app.js" in 1.159 seconds.[0m
notifying browser that file changed:  resources/public/js/compiled/out/cljs_deps.js
notifying browser that file changed:  out/hera/views.js
[0mCompiling "resources/public/js/compiled/app.js" from ["src/cljs"]...[0m
[32mSuccessfully compiled "resources/public/js/compiled/app.js" in 1.051 seconds.[0m
notifying browser that file changed:  resources/public/js/compiled/out/cljs_deps.js
notifying browser that file changed:  out/hera/views.js
[0mCompiling "resources/public/js/compiled/app.js" from ["src/cljs"]...[0m
[32mSuccessfully compiled "resources/public/js/compiled/app.js" in 1.058 seconds.[0m
notifying browser that file changed:  resources/public/js/compiled/out/cljs_deps.js
notifying browser that file changed:  out/hera/views.js
[0mCompiling "resources/public/js/compiled/app.js" from ["src/cljs"]...[0m
[32mSuccessfully compiled "resources/public/js/compiled/app.js" in 1.809 seconds.[0m
notifying browser that file changed:  resources/public/js/compiled/out/cljs_deps.js
notifying browser that file changed:  out/hera/views.js
[0mCompiling "resources/public/js/compiled/app.js" from ["src/cljs"]...[0m
[32mSuccessfully compiled "resources/public/js/compiled/app.js" in 1.092 seconds.[0m
notifying browser that file changed:  resources/public/js/compiled/out/cljs_deps.js
notifying browser that file changed:  out/hera/views.js
[0mCompiling "resources/public/js/compiled/app.js" from ["src/cljs"]...[0m
[32mSuccessfully compiled "resources/public/js/compiled/app.js" in 1.301 seconds.[0m
notifying browser that file changed:  resources/public/js/compiled/out/cljs_deps.js
notifying browser that file changed:  out/hera/views.js
[0mCompiling "resources/public/js/compiled/app.js" from ["src/cljs"]...[0m
[32mSuccessfully compiled "resources/public/js/compiled/app.js" in 1.147 seconds.[0m
notifying browser that file changed:  resources/public/js/compiled/out/cljs_deps.js
notifying browser that file changed:  out/hera/views.js
[0mCompiling "resources/public/js/compiled/app.js" from ["src/cljs"]...[0m
[32mSuccessfully compiled "resources/public/js/compiled/app.js" in 1.012 seconds.[0m
notifying browser that file changed:  resources/public/js/compiled/out/cljs_deps.js
notifying browser that file changed:  out/hera/views.js
[0mCompiling "resources/public/js/compiled/app.js" from ["src/cljs"]...[0m
[32mSuccessfully compiled "resources/public/js/compiled/app.js" in 0.607 seconds.[0m
notifying browser that file changed:  resources/public/js/compiled/out/cljs_deps.js
notifying browser that file changed:  out/hera/views.js
[0mCompiling "resources/public/js/compiled/app.js" from ["src/cljs"]...[0m
[32mSuccessfully compiled "resources/public/js/compiled/app.js" in 0.486 seconds.[0m
notifying browser that file changed:  resources/public/js/compiled/out/cljs_deps.js
notifying browser that file changed:  out/hera/views.js
[0mCompiling "resources/public/js/compiled/app.js" from ["src/cljs"]...[0m
[32mSuccessfully compiled "resources/public/js/compiled/app.js" in 0.8 seconds.[0m
notifying browser that file changed:  resources/public/js/compiled/out/cljs_deps.js
notifying browser that file changed:  out/hera/views.js
[0mCompiling "resources/public/js/compiled/app.js" from ["src/cljs"]...[0m
[32mSuccessfully compiled "resources/public/js/compiled/app.js" in 0.813 seconds.[0m
notifying browser that file changed:  resources/public/js/compiled/out/cljs_deps.js
notifying browser that file changed:  out/hera/views.js
[0mCompiling "resources/public/js/compiled/app.js" from ["src/cljs"]...[0m
[32mSuccessfully compiled "resources/public/js/compiled/app.js" in 1.054 seconds.[0m
notifying browser that file changed:  resources/public/js/compiled/out/cljs_deps.js
notifying browser that file changed:  out/hera/views.js
[0mCompiling "resources/public/js/compiled/app.js" from ["src/cljs"]...[0m
[32mSuccessfully compiled "resources/public/js/compiled/app.js" in 1.091 seconds.[0m
notifying browser that file changed:  resources/public/js/compiled/out/cljs_deps.js
notifying browser that file changed:  out/hera/views.js
[0mCompiling "resources/public/js/compiled/app.js" from ["src/cljs"]...[0m
[32mSuccessfully compiled "resources/public/js/compiled/app.js" in 1.131 seconds.[0m
notifying browser that file changed:  resources/public/js/compiled/out/cljs_deps.js
notifying browser that file changed:  out/hera/views.js
[0mCompiling "resources/public/js/compiled/app.js" from ["src/cljs"]...[0m
[32mSuccessfully compiled "resources/public/js/compiled/app.js" in 1.137 seconds.[0m
notifying browser that file changed:  resources/public/js/compiled/out/cljs_deps.js
notifying browser that file changed:  out/hera/views.js
[0mCompiling "resources/public/js/compiled/app.js" from ["src/cljs"]...[0m
[32mSuccessfully compiled "resources/public/js/compiled/app.js" in 0.815 seconds.[0m
notifying browser that file changed:  resources/public/js/compiled/out/cljs_deps.js
notifying browser that file changed:  out/hera/views.js
[0mCompiling "resources/public/js/compiled/app.js" from ["src/cljs"]...[0m
[32mSuccessfully compiled "resources/public/js/compiled/app.js" in 1.025 seconds.[0m
notifying browser that file changed:  resources/public/js/compiled/out/cljs_deps.js
notifying browser that file changed:  out/hera/views.js
[0mCompiling "resources/public/js/compiled/app.js" from ["src/cljs"]...[0m
[32mSuccessfully compiled "resources/public/js/compiled/app.js" in 1.217 seconds.[0m
notifying browser that file changed:  resources/public/js/compiled/out/cljs_deps.js
notifying browser that file changed:  out/hera/views.js
[0mCompiling "resources/public/js/compiled/app.js" from ["src/cljs"]...[0m
[32mSuccessfully compiled "resources/public/js/compiled/app.js" in 0.681 seconds.[0m
notifying browser that file changed:  resources/public/js/compiled/out/cljs_deps.js
notifying browser that file changed:  out/hera/views.js
[0mCompiling "resources/public/js/compiled/app.js" from ["src/cljs"]...[0m
[32mSuccessfully compiled "resources/public/js/compiled/app.js" in 0.52 seconds.[0m
notifying browser that file changed:  resources/public/js/compiled/out/cljs_deps.js
notifying browser that file changed:  out/hera/views.js
[0mCompiling "resources/public/js/compiled/app.js" from ["src/cljs"]...[0m
[32mSuccessfully compiled "resources/public/js/compiled/app.js" in 0.492 seconds.[0m
notifying browser that file changed:  resources/public/js/compiled/out/cljs_deps.js
notifying browser that file changed:  out/hera/views.js
[0mCompiling "resources/public/js/compiled/app.js" from ["src/cljs"]...[0m
[32mSuccessfully compiled "resources/public/js/compiled/app.js" in 0.462 seconds.[0m
notifying browser that file changed:  resources/public/js/compiled/out/cljs_deps.js
notifying browser that file changed:  out/hera/views.js
[0mCompiling "resources/public/js/compiled/app.js" from ["src/cljs"]...[0m
[32mSuccessfully compiled "resources/public/js/compiled/app.js" in 0.727 seconds.[0m
notifying browser that file changed:  resources/public/js/compiled/out/cljs_deps.js
notifying browser that file changed:  out/hera/views.js
[0mCompiling "resources/public/js/compiled/app.js" from ["src/cljs"]...[0m
[32mSuccessfully compiled "resources/public/js/compiled/app.js" in 0.956 seconds.[0m
notifying browser that file changed:  resources/public/js/compiled/out/cljs_deps.js
notifying browser that file changed:  out/hera/views.js
[0mCompiling "resources/public/js/compiled/app.js" from ["src/cljs"]...[0m
[31mFailed to compile "resources/public/js/compiled/app.js" in 1.013 seconds.[0m
[36m----  Could not Read  src/cljs/hera/views.cljs   line:18  column:28  ----[0m

  [1mMap literal must contain an even number of forms[0m

  [36m16[0m  [36m         :name "user"}][0m
  [36m17[0m  [36m[:input {:type "submit"[0m
  [33m18[0m  [1m         :on-click}]]])))[0m
  [0m  [0m  [33m                   ^--- Map literal must contain an even number of forms[0m

[36m----  Reader Error : Please see src/cljs/hera/views.cljs  ----[0m
[0mCompiling "resources/public/js/compiled/app.js" from ["src/cljs"]...[0m
[32mSuccessfully compiled "resources/public/js/compiled/app.js" in 0.619 seconds.[0m
notifying browser that file changed:  resources/public/js/compiled/out/cljs_deps.js
notifying browser that file changed:  out/hera/views.js
[0mCompiling "resources/public/js/compiled/app.js" from ["src/cljs"]...[0m
[32mSuccessfully compiled "resources/public/js/compiled/app.js" in 0.538 seconds.[0m
notifying browser that file changed:  resources/public/js/compiled/out/cljs_deps.js
notifying browser that file changed:  out/hera/views.js
[0mCompiling "resources/public/js/compiled/app.js" from ["src/cljs"]...[0m
[32mSuccessfully compiled "resources/public/js/compiled/app.js" in 0.596 seconds.[0m
notifying browser that file changed:  resources/public/js/compiled/out/cljs_deps.js
notifying browser that file changed:  out/hera/views.js
